Config: {'seed': 560782, 'embedding_build_type': 'pretrained', 'model_type': 'baseline', 'embedding_dim': 300, 'hidden_dim': 100, 'num_layers': 1, 'train_batch_size': 10, 'test_batch_size': 32, 'num_epochs': 10, 'learning_rate': 0.0001, 'vocab_size': -1, 'batch_size_train': 10, 'batch_size_test': 32, 'dropout': 0.0, 'bidirectional': False}
Using device: cpu
Model type: baseline, Embedding build type: pretrained
Epoch 1/10, Epoch Loss: 0.6611, Validation Accuracy: 0.7100, Validation F1: 0.6585, Best F1: 0.6585 at Epoch 1
Epoch 2/10, Epoch Loss: 0.5392, Validation Accuracy: 0.7809, Validation F1: 0.7863, Best F1: 0.7863 at Epoch 2
Epoch 3/10, Epoch Loss: 0.4875, Validation Accuracy: 0.7908, Validation F1: 0.7983, Best F1: 0.7983 at Epoch 3
Epoch 4/10, Epoch Loss: 0.4723, Validation Accuracy: 0.7924, Validation F1: 0.7979, Best F1: 0.7983 at Epoch 3
Epoch 5/10, Epoch Loss: 0.4671, Validation Accuracy: 0.7809, Validation F1: 0.7927, Best F1: 0.7983 at Epoch 3
Epoch 6/10, Epoch Loss: 0.4627, Validation Accuracy: 0.7825, Validation F1: 0.7940, Best F1: 0.7983 at Epoch 3
Epoch 7/10, Epoch Loss: 0.4553, Validation Accuracy: 0.7770, Validation F1: 0.7847, Best F1: 0.7983 at Epoch 3
Epoch 8/10, Epoch Loss: 0.4518, Validation Accuracy: 0.7573, Validation F1: 0.7786, Best F1: 0.7983 at Epoch 3
Epoch 9/10, Epoch Loss: 0.4487, Validation Accuracy: 0.7573, Validation F1: 0.7854, Best F1: 0.7983 at Epoch 3
Epoch 10/10, Epoch Loss: 0.4395, Validation Accuracy: 0.7655, Validation F1: 0.7816, Best F1: 0.7983 at Epoch 3
Test Accuracy: 0.7500, Test F1: 0.7671
======================================================================================================================================================
Config: {'seed': 12022, 'embedding_build_type': 'pretrained', 'model_type': 'baseline', 'embedding_dim': 300, 'hidden_dim': 100, 'num_layers': 1, 'train_batch_size': 10, 'test_batch_size': 32, 'num_epochs': 10, 'learning_rate': 0.0001, 'vocab_size': -1, 'batch_size_train': 10, 'batch_size_test': 32, 'dropout': 0.0, 'bidirectional': False}
Using device: cpu
Model type: baseline, Embedding build type: pretrained
Epoch 1/10, Epoch Loss: 0.6555, Validation Accuracy: 0.6804, Validation F1: 0.6025, Best F1: 0.6025 at Epoch 1
Epoch 2/10, Epoch Loss: 0.5296, Validation Accuracy: 0.7194, Validation F1: 0.6800, Best F1: 0.6800 at Epoch 2
Epoch 3/10, Epoch Loss: 0.4804, Validation Accuracy: 0.7254, Validation F1: 0.6753, Best F1: 0.6800 at Epoch 2
Epoch 4/10, Epoch Loss: 0.4678, Validation Accuracy: 0.7183, Validation F1: 0.6587, Best F1: 0.6800 at Epoch 2
Epoch 5/10, Epoch Loss: 0.4627, Validation Accuracy: 0.7342, Validation F1: 0.6832, Best F1: 0.6832 at Epoch 5
Epoch 6/10, Epoch Loss: 0.4566, Validation Accuracy: 0.7392, Validation F1: 0.6934, Best F1: 0.6934 at Epoch 6
Epoch 7/10, Epoch Loss: 0.4489, Validation Accuracy: 0.7501, Validation F1: 0.7197, Best F1: 0.7197 at Epoch 7
Epoch 8/10, Epoch Loss: 0.4458, Validation Accuracy: 0.7529, Validation F1: 0.7152, Best F1: 0.7197 at Epoch 7
Epoch 9/10, Epoch Loss: 0.4413, Validation Accuracy: 0.7628, Validation F1: 0.7500, Best F1: 0.7500 at Epoch 9
Epoch 10/10, Epoch Loss: 0.4375, Validation Accuracy: 0.7699, Validation F1: 0.7531, Best F1: 0.7531 at Epoch 10
Test Accuracy: 0.7592, Test F1: 0.7407
======================================================================================================================================================
Config: {'seed': 163938, 'embedding_build_type': 'pretrained', 'model_type': 'baseline', 'embedding_dim': 300, 'hidden_dim': 100, 'num_layers': 1, 'train_batch_size': 10, 'test_batch_size': 32, 'num_epochs': 10, 'learning_rate': 0.0001, 'vocab_size': -1, 'batch_size_train': 10, 'batch_size_test': 32, 'dropout': 0.0, 'bidirectional': False}
Using device: cpu
Model type: baseline, Embedding build type: pretrained
Epoch 1/10, Epoch Loss: 0.6550, Validation Accuracy: 0.6985, Validation F1: 0.6333, Best F1: 0.6333 at Epoch 1
Epoch 2/10, Epoch Loss: 0.5300, Validation Accuracy: 0.7111, Validation F1: 0.6589, Best F1: 0.6589 at Epoch 2
Epoch 3/10, Epoch Loss: 0.4820, Validation Accuracy: 0.7018, Validation F1: 0.6382, Best F1: 0.6589 at Epoch 2
Epoch 4/10, Epoch Loss: 0.4668, Validation Accuracy: 0.6991, Validation F1: 0.6262, Best F1: 0.6589 at Epoch 2
Epoch 5/10, Epoch Loss: 0.4604, Validation Accuracy: 0.7013, Validation F1: 0.6233, Best F1: 0.6589 at Epoch 2
Epoch 6/10, Epoch Loss: 0.4552, Validation Accuracy: 0.6996, Validation F1: 0.6156, Best F1: 0.6589 at Epoch 2
Epoch 7/10, Epoch Loss: 0.4482, Validation Accuracy: 0.6936, Validation F1: 0.6037, Best F1: 0.6589 at Epoch 2
Epoch 8/10, Epoch Loss: 0.4433, Validation Accuracy: 0.7024, Validation F1: 0.6338, Best F1: 0.6589 at Epoch 2
Epoch 9/10, Epoch Loss: 0.4426, Validation Accuracy: 0.7079, Validation F1: 0.6449, Best F1: 0.6589 at Epoch 2
Epoch 10/10, Epoch Loss: 0.4361, Validation Accuracy: 0.7111, Validation F1: 0.6558, Best F1: 0.6589 at Epoch 2
Test Accuracy: 0.7236, Test F1: 0.6730
======================================================================================================================================================
Config: {'seed': 694638, 'embedding_build_type': 'pretrained', 'model_type': 'baseline', 'embedding_dim': 300, 'hidden_dim': 100, 'num_layers': 1, 'train_batch_size': 10, 'test_batch_size': 32, 'num_epochs': 10, 'learning_rate': 0.0001, 'vocab_size': -1, 'batch_size_train': 10, 'batch_size_test': 32, 'dropout': 0.0, 'bidirectional': False}
Using device: cpu
Model type: baseline, Embedding build type: pretrained
Epoch 1/10, Epoch Loss: 0.6585, Validation Accuracy: 0.7534, Validation F1: 0.7462, Best F1: 0.7462 at Epoch 1
Epoch 2/10, Epoch Loss: 0.5324, Validation Accuracy: 0.7457, Validation F1: 0.7057, Best F1: 0.7462 at Epoch 1
Epoch 3/10, Epoch Loss: 0.4785, Validation Accuracy: 0.7446, Validation F1: 0.6971, Best F1: 0.7462 at Epoch 1
Epoch 4/10, Epoch Loss: 0.4616, Validation Accuracy: 0.7490, Validation F1: 0.7219, Best F1: 0.7462 at Epoch 1
Epoch 5/10, Epoch Loss: 0.4576, Validation Accuracy: 0.7375, Validation F1: 0.6859, Best F1: 0.7462 at Epoch 1
Epoch 6/10, Epoch Loss: 0.4501, Validation Accuracy: 0.7205, Validation F1: 0.6549, Best F1: 0.7462 at Epoch 1
Epoch 7/10, Epoch Loss: 0.4471, Validation Accuracy: 0.7320, Validation F1: 0.6935, Best F1: 0.7462 at Epoch 1
Epoch 8/10, Epoch Loss: 0.4421, Validation Accuracy: 0.7194, Validation F1: 0.6627, Best F1: 0.7462 at Epoch 1
Epoch 9/10, Epoch Loss: 0.4387, Validation Accuracy: 0.6996, Validation F1: 0.6123, Best F1: 0.7462 at Epoch 1
Epoch 10/10, Epoch Loss: 0.4389, Validation Accuracy: 0.7139, Validation F1: 0.6584, Best F1: 0.7462 at Epoch 1
Test Accuracy: 0.7213, Test F1: 0.6712
======================================================================================================================================================
Config: {'seed': 982544, 'embedding_build_type': 'pretrained', 'model_type': 'baseline', 'embedding_dim': 300, 'hidden_dim': 100, 'num_layers': 1, 'train_batch_size': 10, 'test_batch_size': 32, 'num_epochs': 10, 'learning_rate': 0.0001, 'vocab_size': -1, 'batch_size_train': 10, 'batch_size_test': 32, 'dropout': 0.0, 'bidirectional': False}
Using device: cpu
Model type: baseline, Embedding build type: pretrained
Epoch 1/10, Epoch Loss: 0.6559, Validation Accuracy: 0.7057, Validation F1: 0.6417, Best F1: 0.6417 at Epoch 1
Epoch 2/10, Epoch Loss: 0.5322, Validation Accuracy: 0.7271, Validation F1: 0.6711, Best F1: 0.6711 at Epoch 2
Epoch 3/10, Epoch Loss: 0.4811, Validation Accuracy: 0.7221, Validation F1: 0.6627, Best F1: 0.6711 at Epoch 2
Epoch 4/10, Epoch Loss: 0.4657, Validation Accuracy: 0.7304, Validation F1: 0.6780, Best F1: 0.6780 at Epoch 4
Epoch 5/10, Epoch Loss: 0.4583, Validation Accuracy: 0.7216, Validation F1: 0.6567, Best F1: 0.6780 at Epoch 4
Epoch 6/10, Epoch Loss: 0.4532, Validation Accuracy: 0.7386, Validation F1: 0.7069, Best F1: 0.7069 at Epoch 6
Epoch 7/10, Epoch Loss: 0.4459, Validation Accuracy: 0.7348, Validation F1: 0.6972, Best F1: 0.7069 at Epoch 6
Epoch 8/10, Epoch Loss: 0.4430, Validation Accuracy: 0.7254, Validation F1: 0.6662, Best F1: 0.7069 at Epoch 6
Epoch 9/10, Epoch Loss: 0.4413, Validation Accuracy: 0.7298, Validation F1: 0.6894, Best F1: 0.7069 at Epoch 6
Epoch 10/10, Epoch Loss: 0.4373, Validation Accuracy: 0.7194, Validation F1: 0.6564, Best F1: 0.7069 at Epoch 6
Test Accuracy: 0.7167, Test F1: 0.6545
======================================================================================================================================================
